"D:/GAME JAM/GameOff2021/Content/2DSideScrollerBP/Maps/2DSideScrollerExampleMap.uasset" 0
"../../../Engine/Content/Functions/Engine_MaterialFunctions01/Opacity/CameraDepthFade.uasset" 1
"../../../Engine/Content/EngineMaterials/T_Default_Material_Grid_N.uasset" 2
"../../../Engine/Content/EngineMaterials/T_Default_Material_Grid_M.uasset" 3
"../../../Engine/Content/EngineMaterials/WorldGridMaterial.uasset" 4
"../../../Engine/Content/ArtTools/RenderToTexture/Meshes/S_1_Unit_Plane.uasset" 5
"../../../Engine/Content/EngineMaterials/DefaultMaterial.uasset" 6
"../../../Engine/Content/BasicShapes/Cone.uasset" 7
"../../../Engine/Content/BasicShapes/Cube.uasset" 8
"../../../Engine/Content/BasicShapes/Plane.uasset" 9
"../../../Engine/Content/BasicShapes/Sphere.uasset" 10
"../../../Engine/Content/EditorLandscapeResources/DataLayer.uasset" 11
"../../../Engine/Content/EditorLandscapeResources/DefaultAlphaTexture.uasset" 12
"../../../Engine/Content/EditorMaterials/MAT_Groups_Toggle.uasset" 13
"../../../Engine/Content/EditorMaterials/MAT_Groups_Visibility.uasset" 14
"../../../Engine/Content/EditorMaterials/PreviewShadowIndicator.uasset" 15
"../../../Engine/Content/EditorMaterials/PreviewShadowIndicatorMaterial.uasset" 16
"../../../Engine/Content/EditorMaterials/MatineeGroups/MAT_ColorTrack.uasset" 17
"../../../Engine/Content/EditorMaterials/MatineeGroups/MAT_Groups_Anim.uasset" 18
"../../../Engine/Content/EditorMaterials/MatineeGroups/MAT_Groups_AudioMaster.uasset" 19
"../../../Engine/Content/EditorMaterials/MatineeGroups/MAT_Groups_Director.uasset" 20
"../../../Engine/Content/EditorMaterials/MatineeGroups/MAT_Groups_Event.uasset" 21
"../../../Engine/Content/EditorMaterials/MatineeGroups/MAT_Groups_Fade.uasset" 22
"../../../Engine/Content/EditorMaterials/MatineeGroups/MAT_Groups_Float.uasset" 23
"../../../Engine/Content/EditorMaterials/MatineeGroups/MAT_Groups_Move.uasset" 24
"../../../Engine/Content/EditorMaterials/MatineeGroups/MAT_Groups_Slomo.uasset" 25
"../../../Engine/Content/EditorMaterials/MatineeGroups/MAT_Groups_Sound.uasset" 26
"../../../Engine/Content/EditorMaterials/MatineeGroups/MAT_Groups_Vector.uasset" 27
"../../../Engine/Content/EditorMaterials/ParticleSystems/PSysThumbnail_NoImage.uasset" 28
"../../../Engine/Content/EditorMaterials/ParticleSystems/PSysThumbnail_OOD.uasset" 29
"../../../Engine/Content/EditorMaterials/Camera/CineMat.uasset" 30
"../../../Engine/Content/EditorMaterials/Camera/MI_CineMat_Rig.uasset" 31
"../../../Engine/Content/EditorMeshes/Camera/SM_CraneRig_Arm.uasset" 32
"../../../Engine/Content/EditorMeshes/Camera/SM_CraneRig_Base.uasset" 33
"../../../Engine/Content/EditorMeshes/Camera/SM_CraneRig_Body.uasset" 34
"../../../Engine/Content/EditorMeshes/Camera/SM_CraneRig_Mount.uasset" 35
"../../../Engine/Content/EditorMeshes/Camera/SM_RailRig_Mount.uasset" 36
"../../../Engine/Content/EditorMeshes/Camera/SM_RailRig_Track.uasset" 37
"../../../Engine/Content/EditorResources/BSPVertex.uasset" 38
"../../../Engine/Content/EditorResources/EmptyActor.uasset" 39
"../../../Engine/Content/EditorResources/S_Actor.uasset" 40
"../../../Engine/Content/EditorResources/S_Note.uasset" 41
"../../../Engine/Content/EditorResources/S_Solver.uasset" 42
"../../../Engine/Content/EditorResources/S_Terrain.uasset" 43
"../../../Engine/Content/EditorResources/S_Trigger.uasset" 44
"../../../Engine/Content/EditorResources/SequenceRecorder/Countdown.uasset" 45
"../../../Engine/Content/EditorResources/SequenceRecorder/RecordingIndicator.uasset" 46
"../../../Engine/Content/EngineDamageTypes/DmgTypeBP_Environmental.uasset" 47
"../../../Engine/Content/EngineDebugMaterials/DebugEditorMaterial.uasset" 48
"../../../Engine/Content/EngineDebugMaterials/DebugMeshMaterial.uasset" 49
"../../../Engine/Content/EngineDebugMaterials/M_SimpleUnlitTranslucent.uasset" 50
"../../../Engine/Content/EngineDebugMaterials/VolumeToRender.uasset" 51
"../../../Engine/Content/Functions/Engine_MaterialFunctions02/Utility/CameraDirectionVector.uasset" 52
"../../../Engine/Content/EngineDebugMaterials/M_VolumeRenderSphereTracePP.uasset" 53
"../../../Engine/Content/Functions/Engine_MaterialFunctions01/Shading/ConvertFromDiffSpec.uasset" 54
"../../../Engine/Content/EngineDebugMaterials/VertexColorMaterial.uasset" 55
"../../../Engine/Content/EngineDebugMaterials/WireframeMaterial.uasset" 56
"../../../Engine/Content/EngineFonts/Faces/RobotoRegular.uasset" 57
"../../../Engine/Content/EngineFonts/Faces/RobotoLight.uasset" 58
"../../../Engine/Content/EngineFonts/Faces/RobotoItalic.uasset" 59
"../../../Engine/Content/EngineFonts/Faces/RobotoBoldItalic.uasset" 60
"../../../Engine/Content/EngineFonts/Faces/RobotoBold.uasset" 61
"../../../Engine/Content/EngineFonts/Faces/DroidSansFallback.uasset" 62
"../../../Engine/Content/EngineFonts/Roboto.uasset" 63
"../../../Engine/Content/EngineMaterials/BaseFlattenNormalMap.uasset" 64
"../../../Engine/Content/EngineMaterials/BaseFlattenGrayscaleMap.uasset" 65
"../../../Engine/Content/EngineMaterials/BaseFlattenEmissiveMap.uasset" 66
"../../../Engine/Content/EngineMaterials/BaseFlattenDiffuseMap.uasset" 67
"../../../Engine/Content/EngineMaterials/BaseFlattenMaterial.uasset" 68
"../../../Engine/Content/EngineMaterials/BlueNoise.uasset" 69
"../../../Engine/Content/EngineMaterials/DefaultBloomKernel.uasset" 70
"../../../Engine/Content/EngineMaterials/DefaultBokeh.uasset" 71
"../../../Engine/Content/EngineMaterials/DefaultDiffuse.uasset" 72
"../../../Engine/Content/EngineMaterials/DefaultDeferredDecalMaterial.uasset" 73
"../../../Engine/Content/EngineMaterials/DefaultLightFunctionMaterial.uasset" 74
"../../../Engine/Content/EngineMaterials/DefaultPhysicalMaterial.uasset" 75
"../../../Engine/Content/Functions/Engine_MaterialFunctions02/Utility/BreakOutFloat2Components.uasset" 76
"../../../Engine/Content/EngineMaterials/DefaultPostProcessMaterial.uasset" 77
"../../../Engine/Content/EngineFonts/RobotoDistanceField.uasset" 78
"../../../Engine/Content/EngineMaterials/DefaultTextMaterialOpaque.uasset" 79
"../../../Engine/Content/EngineMaterials/DefaultWhiteGrid.uasset" 80
"../../../Engine/Content/EngineMaterials/DefaultWhiteGrid_Low.uasset" 81
"../../../Engine/Content/EngineMaterials/EmissiveMeshMaterial.uasset" 82
"../../../Engine/Content/EngineMaterials/GizmoMaterial.uasset" 83
"../../../Engine/Content/EngineMaterials/Good64x64TilingNoiseHighFreq.uasset" 84
"../../../Engine/Content/EngineMaterials/MiniFont.uasset" 85
"../../../Engine/Content/EngineMaterials/InvalidLightmapSettings.uasset" 86
"../../../Engine/Content/EngineMaterials/M_InvalidLightmapSettings.uasset" 87
"../../../Engine/Content/Functions/Engine_MaterialFunctions02/WorldPositionOffset/CameraOffset.uasset" 88
"../../../Engine/Content/EngineMaterials/PhAT_JointLimitMaterial.uasset" 89
"../../../Engine/Content/EngineMaterials/PreintegratedSkinBRDF.uasset" 90
"../../../Engine/Content/EngineMaterials/RemoveSurfaceMaterial.uasset" 91
"../../../Engine/Content/EngineMaterials/WeightMapPlaceholderTexture.uasset" 92
"../../../Engine/Content/EngineResources/WhiteSquareTexture.uasset" 93
"../../../Engine/Content/EngineMaterials/Widget3DPassThrough.uasset" 94
"../../../Engine/Content/EngineMaterials/Widget3DPassThrough_Masked.uasset" 95
"../../../Engine/Content/EngineMaterials/Widget3DPassThrough_Opaque.uasset" 96
"../../../Engine/Content/EngineMaterials/Widget3DPassThrough_Masked_OneSided.uasset" 97
"../../../Engine/Content/EngineMaterials/Widget3DPassThrough_Opaque_OneSided.uasset" 98
"../../../Engine/Content/EngineMaterials/Widget3DPassThrough_Translucent.uasset" 99
"../../../Engine/Content/EngineMaterials/Widget3DPassThrough_Translucent_OneSided.uasset" 100
"../../../Engine/Content/EngineMeshes/Cylinder.uasset" 101
"../../../Engine/Content/EngineMeshes/Sphere.uasset" 102
"../../../Engine/Content/EngineResources/Black.uasset" 103
"../../../Engine/Content/EngineResources/DefaultTextureCube.uasset" 104
"../../../Engine/Content/EngineResources/DefaultVolumeTexture2D.uasset" 105
"../../../Engine/Content/EngineResources/DefaultVolumeTexture.uasset" 106
"../../../Engine/Content/EngineResources/GradientTexture0.uasset" 107
"../../../Engine/Content/EngineSky/VolumetricClouds/T_NoiseShape64.uasset" 108
"../../../Engine/Content/EngineSky/VolumetricClouds/T_VolumeNoiseShape64.uasset" 109
"../../../Engine/Content/EngineSky/VolumetricClouds/T_NoiseErosion.uasset" 110
"../../../Engine/Content/EngineSky/VolumetricClouds/T_VolumeNoiseErosion32.uasset" 111
"../../../Engine/Content/EngineSky/VolumetricClouds/CloudWeatherTexture.uasset" 112
"../../../Engine/Content/EngineSky/VolumetricClouds/CloudGradientTexture.uasset" 113
"../../../Engine/Content/Functions/Engine_MaterialFunctions02/Utility/MakeFloat2.uasset" 114
"../../../Engine/Content/EngineSky/VolumetricClouds/m_SimpleVolumetricCloud.uasset" 115
"../../../Engine/Content/EngineSky/VolumetricClouds/m_SimpleVolumetricCloud_Inst.uasset" 116
"../../../Engine/Content/EngineSounds/Master.uasset" 117
"../../../Engine/Content/Functions/Engine_MaterialFunctions01/Shading/PowerToRoughness.uasset" 118
"../../../Engine/Content/Maps/Templates/Thumbnails/Default.uasset" 119
"../../../Engine/Content/Maps/Templates/Thumbnails/TimeOfDay.uasset" 120
"../../../Engine/Content/Maps/Templates/Thumbnails/VR-Basic.uasset" 121
"../../../Engine/Content/MobileResources/T_MobileControls_texture.uasset" 122
"../../../Engine/Content/MobileResources/T_MobileMenu2.uasset" 123
"../../../Engine/Content/MobileResources/HUD/AnalogHat.uasset" 124
"../../../Engine/Content/MobileResources/HUD/VirtualJoystick_Thumb.uasset" 125
"../../../Engine/Content/MobileResources/HUD/VirtualJoystick_Background.uasset" 126
"../../../Engine/Content/MobileResources/HUD/DefaultVirtualJoysticks.uasset" 127
"../../../Engine/Content/MobileResources/HUD/LeftVirtualJoystickOnly.uasset" 128
"../../../Engine/Content/MobileResources/HUD/MobileHUDButton1_off.uasset" 129
"../../../Engine/Content/MobileResources/HUD/MobileHUDButton1_on.uasset" 130
"../../../Engine/Content/MobileResources/HUD/MobileHUDButton2_off.uasset" 131
"../../../Engine/Content/MobileResources/HUD/MobileHUDButton2_on.uasset" 132
"../../../Engine/Content/MobileResources/HUD/MobileHUDButton3.uasset" 133
"../../../Engine/Content/MobileResources/HUD/MobileHUDButtonFire.uasset" 134
"../../../Engine/Content/MobileResources/HUD/MobileHUDDirectionPad.uasset" 135
"../../../Engine/Content/MobileResources/HUD/MobileHUDDirectionPad2.uasset" 136
"../../../Engine/Content/MobileResources/HUD/MobileHUDDirectionPad3.uasset" 137
"../../../Engine/Content/MobileResources/HUD/MobileHUDDirectionStick.uasset" 138
"../../../Engine/Content/MobileResources/HUD/T_Castle_ThumbstickInner.uasset" 139
"../../../Engine/Content/MobileResources/HUD/T_Castle_ThumbstickOutter.uasset" 140
"../../../Engine/Content/Tutorial/ContentIntroCurve.uasset" 141
"../../../Engine/Content/Tutorial/Basics/LevelEditorAttract.uasset" 142
"../../../Engine/Content/VREditor/TransformGizmo/TranslucentTransformGizmoMaterial.uasset" 143
"../../../Engine/Content/VREditor/LaserPointer/VR_LaserPower_01.uasset" 144
"../../../Engine/Content/VREditor/TransformGizmo/TransformGizmoMaterial.uasset" 145
"../../../Engine/Content/VREditor/TransformGizmo/BoundingBoxCorner.uasset" 146
"../../../Engine/Content/VREditor/TransformGizmo/BoundingBoxEdge.uasset" 147
"../../../Engine/Content/VREditor/TransformGizmo/PlaneTranslationHandle.uasset" 148
"../../../Engine/Content/VREditor/TransformGizmo/Xray.uasset" 149
"../../../Engine/Content/VREditor/TransformGizmo/Main.uasset" 150
"../../../Engine/Content/VREditor/TransformGizmo/SM_Sequencer_Key.uasset" 151
"../../../Engine/Content/VREditor/TransformGizmo/SM_Sequencer_Node.uasset" 152
"../../Plugins/2D/Paper2D/Content/PlaceholderTextures/DummySpriteTexture.uasset" 153
"../../Plugins/2D/Paper2D/Content/DummySprite.uasset" 154
"../../Plugins/2D/Paper2D/Content/DefaultPaperTerrainMaterial.uasset" 155
"../../Plugins/2D/Paper2D/Content/DefaultSpriteMaterial.uasset" 156
"../../Plugins/2D/Paper2D/Content/MaskedUnlitSpriteMaterial.uasset" 157
"../../Plugins/2D/Paper2D/Content/OpaqueUnlitSpriteMaterial.uasset" 158
"../../../Engine/Content/Functions/Engine_MaterialFunctions02/Utility/BreakOutFloat3Components.uasset" 159
"../../Plugins/Editor/SpeedTreeImporter/Content/SpeedTree9/UnpackInteger3.uasset" 160
"../../Plugins/Editor/SpeedTreeImporter/Content/SpeedTree9/UnpackDirection.uasset" 161
"../../Plugins/Editor/SpeedTreeImporter/Content/SpeedTree9/game_wind_noise.uasset" 162
"../../../Engine/Content/Functions/Engine_MaterialFunctions02/SafeNormalize.uasset" 163
"../../Plugins/Editor/SpeedTreeImporter/Content/SpeedTree9/SpeedTreeWindMotion.uasset" 164
"../../Plugins/Editor/SpeedTreeImporter/Content/SpeedTree9/SpeedTreeBranchMotion.uasset" 165
"../../../Engine/Content/Functions/Engine_MaterialFunctions02/ObjectLocalBounds.uasset" 166
"../../../Engine/Content/Functions/Engine_MaterialFunctions02/UVs/BoundingBoxBased_0-1_UVW.uasset" 167
"../../Plugins/Editor/SpeedTreeImporter/Content/SpeedTree9/SpeedTreeWind.uasset" 168
"../../Plugins/Editor/SpeedTreeImporter/Content/SpeedTree9/SpeedTreeBillboard.uasset" 169
"../../../Engine/Content/EngineResources/DefaultTexture.uasset" 170
"../../Plugins/Editor/SpeedTreeImporter/Content/SpeedTree9/SpeedTreeBillboardMaster.uasset" 171
"../../Plugins/Editor/SpeedTreeImporter/Content/SpeedTree9/SpeedTreeCameraFacing.uasset" 172
"../../Plugins/Editor/SpeedTreeImporter/Content/SpeedTree9/SpeedTreeMaster.uasset" 173
"../../../Engine/Content/BasicShapes/Cylinder.uasset" 174
"../../../Engine/Content/ArtTools/RenderToTexture/Materials/Debug/M_Emissive_Color.uasset" 175
"../../Plugins/Lumin/MagicLeapPassableWorld/Content/MagicLeapARPinInfoActor.uasset" 176
"../../../Engine/Content/Functions/Engine_MaterialFunctions02/Utility/BreakOutFloat4Components.uasset" 177
"../../../Engine/Content/Functions/Engine_MaterialFunctions02/Utility/MakeFloat3.uasset" 178
"../../Plugins/Runtime/Oculus/OculusVR/Content/Materials/OculusMR_ChromaKey.uasset" 179
"../../Plugins/Runtime/Oculus/OculusVR/Content/Materials/OculusMR_OpaqueColoredMaterial.uasset" 180
"../../Plugins/Runtime/Oculus/OculusVR/Content/Materials/PokeAHoleMaterial.uasset" 181
"D:/GAME JAM/GameOff2021/Content/2dSideScroller/Textures/2DBackgroundBlockAtlas.uasset" 182
"D:/GAME JAM/GameOff2021/Content/2DSideScroller/Sprites/Ledge.uasset" 183
"D:/GAME JAM/GameOff2021/Content/FrogTypes.uasset" 184
"D:/GAME JAM/GameOff2021/Content/EatShake.uasset" 185
"../../../Engine/Content/EditorBlueprintResources/StandardMacros.uasset" 186
"D:/GAME JAM/GameOff2021/Content/Sprites/Firefly/Firefly.uasset" 187
"../../Plugins/2D/Paper2D/Content/TranslucentUnlitSpriteMaterial.uasset" 188
"D:/GAME JAM/GameOff2021/Content/Sprites/Firefly/Firefly_Sprite_0.uasset" 189
"D:/GAME JAM/GameOff2021/Content/Sprites/Firefly/Firefly_Sprite_1.uasset" 190
"D:/GAME JAM/GameOff2021/Content/Sprites/Firefly/Firefly_FB.uasset" 191
"D:/GAME JAM/GameOff2021/Content/Sprites/Flies/NewFly.uasset" 192
"D:/GAME JAM/GameOff2021/Content/Sprites/Flies/NewFly_Sprite_0.uasset" 193
"D:/GAME JAM/GameOff2021/Content/Sprites/Flies/NewFly_Sprite_1.uasset" 194
"D:/GAME JAM/GameOff2021/Content/Sprites/Flies/NewFly1.uasset" 195
"D:/GAME JAM/GameOff2021/Content/Sprites/Wasp/NewWasp__1_.uasset" 196
"D:/GAME JAM/GameOff2021/Content/Sprites/Wasp/NewWasp__1__Sprite_0.uasset" 197
"D:/GAME JAM/GameOff2021/Content/Sprites/Wasp/NewWasp__1__Sprite_1.uasset" 198
"D:/GAME JAM/GameOff2021/Content/Sprites/Wasp/NewWasp_FB.uasset" 199
"D:/GAME JAM/GameOff2021/Content/Sprites/Flies/Fly.uasset" 200
"D:/GAME JAM/GameOff2021/Content/Sprites/TreeFrog/TreeFrogHappy.uasset" 201
"D:/GAME JAM/GameOff2021/Content/Sprites/TreeFrog/TreeFrogHappy_Sprite_0.uasset" 202
"D:/GAME JAM/GameOff2021/Content/Sprites/TreeFrog/TreeFrogHappy_Sprite_1.uasset" 203
"D:/GAME JAM/GameOff2021/Content/Sprites/TreeFrog/TreeFrogHappy_FB.uasset" 204
"D:/GAME JAM/GameOff2021/Content/Sounds/Death.uasset" 205
"D:/GAME JAM/GameOff2021/Content/Sounds/Eat.uasset" 206
"D:/GAME JAM/GameOff2021/Content/Sounds/FlireFly.uasset" 207
"D:/GAME JAM/GameOff2021/Content/Sounds/Hit_Hurt.uasset" 208
"D:/GAME JAM/GameOff2021/Content/Sounds/Jump.uasset" 209
"D:/GAME JAM/GameOff2021/Content/Sprites/Eat/Eat.uasset" 210
"D:/GAME JAM/GameOff2021/Content/Sprites/Eat/Eat_Sprite_0.uasset" 211
"D:/GAME JAM/GameOff2021/Content/Sprites/Eat/Eat_Sprite_1.uasset" 212
"D:/GAME JAM/GameOff2021/Content/Sprites/Eat/Eat_Sprite_2.uasset" 213
"D:/GAME JAM/GameOff2021/Content/Sprites/Eat/Eat_FB.uasset" 214
"D:/GAME JAM/GameOff2021/Content/Sprites/PacmanFrog/Happy/PacmanFrogHappy.uasset" 215
"D:/GAME JAM/GameOff2021/Content/Sprites/PacmanFrog/Happy/PacmanFrogHappy_Sprite_0.uasset" 216
"D:/GAME JAM/GameOff2021/Content/Sprites/PacmanFrog/Happy/PacmanFrogHappy_Sprite_1.uasset" 217
"D:/GAME JAM/GameOff2021/Content/Sprites/PacmanFrog/Happy/PacmanFrogHappy_FB.uasset" 218
"D:/GAME JAM/GameOff2021/Content/Sprites/PacmanFrog/Idle/PacmanFrogIdle.uasset" 219
"D:/GAME JAM/GameOff2021/Content/Sprites/PacmanFrog/Idle/PacmanFrogIdle_Sprite_0.uasset" 220
"D:/GAME JAM/GameOff2021/Content/Sprites/PacmanFrog/Idle/PacmanFrogIdle_Sprite_1.uasset" 221
"D:/GAME JAM/GameOff2021/Content/Sprites/PacmanFrog/Idle/PacmanFrogIdle_FB.uasset" 222
"D:/GAME JAM/GameOff2021/Content/Sprites/PacmanFrog/Jump/PacmanFrogJump.uasset" 223
"D:/GAME JAM/GameOff2021/Content/Sprites/PacmanFrog/Jump/PacmanFrogJump_Sprite_0.uasset" 224
"D:/GAME JAM/GameOff2021/Content/Sprites/PacmanFrog/Jump/PacmanFrogJump_Sprite_1.uasset" 225
"D:/GAME JAM/GameOff2021/Content/Sprites/PacmanFrog/Jump/PacmanFrogJump_Sprite_2.uasset" 226
"D:/GAME JAM/GameOff2021/Content/Sprites/PacmanFrog/Jump/PacmanFrogJump_Sprite_3.uasset" 227
"D:/GAME JAM/GameOff2021/Content/Sprites/PacmanFrog/Jump/PacmanFrogJump_Sprite_4.uasset" 228
"D:/GAME JAM/GameOff2021/Content/Sprites/PacmanFrog/Jump/PacmanFrogJump_Sprite_5.uasset" 229
"D:/GAME JAM/GameOff2021/Content/Sprites/PacmanFrog/Jump/PacmanFrogJump1.uasset" 230
"D:/GAME JAM/GameOff2021/Content/Sprites/PacmanFrog/MouthOpen/PacmanFrogMouthOpen.uasset" 231
"D:/GAME JAM/GameOff2021/Content/Sprites/PacmanFrog/MouthOpen/PacmanFrogMouthOpen_Sprite_0.uasset" 232
"D:/GAME JAM/GameOff2021/Content/Sprites/PacmanFrog/MouthOpen/PacmanFrogMouthOpen_Sprite_1.uasset" 233
"D:/GAME JAM/GameOff2021/Content/Sprites/PacmanFrog/MouthOpen/PacmanFrogMouthOpen_FB.uasset" 234
"D:/GAME JAM/GameOff2021/Content/Sprites/RainFrog/Happy/RainFrogHappy.uasset" 235
"D:/GAME JAM/GameOff2021/Content/Sprites/RainFrog/Happy/RainFrogHappy_Sprite_0.uasset" 236
"D:/GAME JAM/GameOff2021/Content/Sprites/RainFrog/Happy/RainFrogHappy_Sprite_1.uasset" 237
"D:/GAME JAM/GameOff2021/Content/Sprites/RainFrog/Happy/RainFrogHappy1.uasset" 238
"D:/GAME JAM/GameOff2021/Content/Sprites/RainFrog/Idle/RainFrogIdle_clone.uasset" 239
"D:/GAME JAM/GameOff2021/Content/Sprites/RainFrog/Idle/RainFrogIdle_clone_Sprite_0.uasset" 240
"D:/GAME JAM/GameOff2021/Content/Sprites/RainFrog/Idle/RainFrogIdle_clone_Sprite_1.uasset" 241
"D:/GAME JAM/GameOff2021/Content/Sprites/RainFrog/Idle/RainFrogIdle_clone1.uasset" 242
"D:/GAME JAM/GameOff2021/Content/Sprites/RainFrog/Jump/RainFrogJump.uasset" 243
"D:/GAME JAM/GameOff2021/Content/Sprites/RainFrog/Jump/RainFrogJump_Sprite_0.uasset" 244
"D:/GAME JAM/GameOff2021/Content/Sprites/RainFrog/Jump/RainFrogJump_Sprite_1.uasset" 245
"D:/GAME JAM/GameOff2021/Content/Sprites/RainFrog/Jump/RainFrogJump_Sprite_2.uasset" 246
"D:/GAME JAM/GameOff2021/Content/Sprites/RainFrog/Jump/RainFrogJump_Sprite_3.uasset" 247
"D:/GAME JAM/GameOff2021/Content/Sprites/RainFrog/Jump/RainFrogJump_Sprite_4.uasset" 248
"D:/GAME JAM/GameOff2021/Content/Sprites/RainFrog/Jump/RainFrogJump_Sprite_5.uasset" 249
"D:/GAME JAM/GameOff2021/Content/Sprites/RainFrog/Jump/RainFrogJump_Sprite_6.uasset" 250
"D:/GAME JAM/GameOff2021/Content/Sprites/RainFrog/Jump/RainFrogJump_Sprite_7.uasset" 251
"D:/GAME JAM/GameOff2021/Content/Sprites/RainFrog/Jump/RainFrogJump1.uasset" 252
"D:/GAME JAM/GameOff2021/Content/Sprites/RainFrog/MouthOpen/RainFrogMouthOpen.uasset" 253
"D:/GAME JAM/GameOff2021/Content/Sprites/RainFrog/MouthOpen/RainFrogMouthOpen_Sprite_0.uasset" 254
"D:/GAME JAM/GameOff2021/Content/Sprites/RainFrog/MouthOpen/RainFrogMouthOpen_Sprite_1.uasset" 255
"D:/GAME JAM/GameOff2021/Content/Sprites/RainFrog/MouthOpen/RainFrogMouthOpen1.uasset" 256
"D:/GAME JAM/GameOff2021/Content/Sprites/TreeFrog/Jump/TreeFrogJump.uasset" 257
"D:/GAME JAM/GameOff2021/Content/Sprites/TreeFrog/Jump/TreeFrogJump_Sprite_0.uasset" 258
"D:/GAME JAM/GameOff2021/Content/Sprites/TreeFrog/Jump/TreeFrogJump_Sprite_1.uasset" 259
"D:/GAME JAM/GameOff2021/Content/Sprites/TreeFrog/Jump/TreeFrogJump_Sprite_2.uasset" 260
"D:/GAME JAM/GameOff2021/Content/Sprites/TreeFrog/Jump/TreeFrogJump_Sprite_3.uasset" 261
"D:/GAME JAM/GameOff2021/Content/Sprites/TreeFrog/Jump/TreeFrogJump_Sprite_4.uasset" 262
"D:/GAME JAM/GameOff2021/Content/Sprites/TreeFrog/Jump/TreeFrogJump_Sprite_5.uasset" 263
"D:/GAME JAM/GameOff2021/Content/Sprites/TreeFrog/Jump/TreeFrogJump_Sprite_6.uasset" 264
"D:/GAME JAM/GameOff2021/Content/Sprites/TreeFrog/Jump/TreeFrogJump_FB.uasset" 265
"D:/GAME JAM/GameOff2021/Content/Sprites/TreeFrog/TreeFrogIdle.uasset" 266
"D:/GAME JAM/GameOff2021/Content/Sprites/TreeFrog/TreeFrogIdle_Sprite_0.uasset" 267
"D:/GAME JAM/GameOff2021/Content/Sprites/TreeFrog/TreeFrogIdle_Sprite_1.uasset" 268
"D:/GAME JAM/GameOff2021/Content/Sprites/TreeFrog/TreeFrogIdle_FB.uasset" 269
"D:/GAME JAM/GameOff2021/Content/Sprites/TreeFrog/TreeFrogMouthOpen.uasset" 270
"D:/GAME JAM/GameOff2021/Content/Sprites/TreeFrog/TreeFrogMouthOpen_Sprite_0.uasset" 271
"D:/GAME JAM/GameOff2021/Content/Sprites/TreeFrog/TreeFrogMouthOpen_Sprite_1.uasset" 272
"D:/GAME JAM/GameOff2021/Content/Sprites/TreeFrog/TreeFrogMouthOpen_FB.uasset" 273
"D:/GAME JAM/GameOff2021/Content/2DSideScrollerBP/Blueprints/2DSideScrollerCharacter.uasset" 274
"D:/GAME JAM/GameOff2021/Content/NewPlayerController.uasset" 275
"D:/GAME JAM/GameOff2021/Content/Sounds/Test1.uasset" 276
"D:/GAME JAM/GameOff2021/Content/Sounds/Test1_Cue.uasset" 277
"D:/GAME JAM/GameOff2021/Content/Sprites/Frame/FrameBlank.uasset" 278
"D:/GAME JAM/GameOff2021/Content/Sprites/Frame/FrameBlank_Sprite_0.uasset" 279
"D:/GAME JAM/GameOff2021/Content/Font/Bespoke-4JnGqdp5IU.uasset" 280
"D:/GAME JAM/GameOff2021/Content/Font/Bespoke-4JnGqdp5IU_Font.uasset" 281
"D:/GAME JAM/GameOff2021/Content/Sounds/GameOver.uasset" 282
"D:/GAME JAM/GameOff2021/Content/Sounds/Select.uasset" 283
"D:/GAME JAM/GameOff2021/Content/Sounds/Selected.uasset" 284
"D:/GAME JAM/GameOff2021/Content/Widgets/GameEnd.uasset" 285
"D:/GAME JAM/GameOff2021/Content/Sprites/Frame/Frame__2_.uasset" 286
"D:/GAME JAM/GameOff2021/Content/Sprites/Frame/Frame__2__Sprite_0.uasset" 287
"D:/GAME JAM/GameOff2021/Content/Sprites/Heart/HeartEmpty__1_.uasset" 288
"D:/GAME JAM/GameOff2021/Content/Sprites/Heart/HeartEmpty__1__Sprite_0.uasset" 289
"D:/GAME JAM/GameOff2021/Content/Sprites/Heart/Heart.uasset" 290
"D:/GAME JAM/GameOff2021/Content/Sprites/Heart/Heart_Sprite_0.uasset" 291
"D:/GAME JAM/GameOff2021/Content/Sprites/Heart/Log.uasset" 292
"D:/GAME JAM/GameOff2021/Content/Sprites/Heart/Log_Sprite_0.uasset" 293
"D:/GAME JAM/GameOff2021/Content/Widgets/HUD.uasset" 294
"D:/GAME JAM/GameOff2021/Content/Sprites/Mouse/Mouse__1_.uasset" 295
"D:/GAME JAM/GameOff2021/Content/Sprites/Mouse/Mouse__1__Sprite_0.uasset" 296
"D:/GAME JAM/GameOff2021/Content/Arrow/Arrow.uasset" 297
"D:/GAME JAM/GameOff2021/Content/Arrow/Arrow_Sprite_0.uasset" 298
"D:/GAME JAM/GameOff2021/Content/Widgets/Controls.uasset" 299
"D:/GAME JAM/GameOff2021/Content/Names.uasset" 300
"D:/GAME JAM/GameOff2021/Content/Sprites/Dice/Dice.uasset" 301
"D:/GAME JAM/GameOff2021/Content/Sprites/Dice/Dice_Sprite_0.uasset" 302
"D:/GAME JAM/GameOff2021/Content/Widgets/StartScreen.uasset" 303
"D:/GAME JAM/GameOff2021/Content/2DSideScrollerBP/Blueprints/2DSideScrollerGameMode.uasset" 304
"D:/GAME JAM/GameOff2021/Content/2DSideScrollerBP/Maps/MainLevel_BuiltData.uasset" 305
"D:/GAME JAM/GameOff2021/Content/Sprites/Flies/FlyDeath.uasset" 306
"../../../Engine/Content/MapTemplates/Bokeh_5Sides.uasset" 307
"../../../Engine/Content/MapTemplates/T_ScreenDirt02_w.uasset" 308
"D:/GAME JAM/GameOff2021/Content/Sprites/Background/Background__1_.uasset" 309
"D:/GAME JAM/GameOff2021/Content/Sprites/Background/Background__1__Sprite_0.uasset" 310
"D:/GAME JAM/GameOff2021/Content/Sprites/Lilypad/Lilypad.uasset" 311
"D:/GAME JAM/GameOff2021/Content/Sprites/Lilypad/Lilypad_Sprite_0.uasset" 312
"D:/GAME JAM/GameOff2021/Content/2DSideScrollerBP/Maps/MainLevel.umap" 313
"../../../Engine/Content/Maps/Entry_BuiltData.uasset" 314
"../../../Engine/Content/Maps/Entry.umap" 315
